0 info it worked if it ends with ok
1 verbose cli [ 'C:\\Program Files\\nodejs\\node.exe',
1 verbose cli   'C:\\Users\\chen_xj7\\AppData\\Roaming\\npm\\node_modules\\npm\\bin\\npm-cli.js',
1 verbose cli   'start' ]
2 info using npm@3.10.5
3 info using node@v6.9.1
4 verbose run-script [ 'prestart', 'start', 'poststart' ]
5 info lifecycle ecidi-react-boilerplate@2.0.0~prestart: ecidi-react-boilerplate@2.0.0
6 silly lifecycle ecidi-react-boilerplate@2.0.0~prestart: no script for prestart, continuing
7 info lifecycle ecidi-react-boilerplate@2.0.0~start: ecidi-react-boilerplate@2.0.0
8 verbose lifecycle ecidi-react-boilerplate@2.0.0~start: unsafe-perm in lifecycle true
9 verbose lifecycle ecidi-react-boilerplate@2.0.0~start: PATH: C:\Users\chen_xj7\AppData\Roaming\npm\node_modules\npm\bin\node-gyp-bin;G:\codeBackup\d3-test\node_modules\.bin;C:\Program Files\nodejs;C:\Users\chen_xj7\bin;C:\Program Files\Git\mingw64\bin;C:\Program Files\Git\usr\local\bin;C:\Program Files\Git\usr\bin;C:\Program Files\Git\usr\bin;C:\Program Files\Git\mingw64\bin;C:\Program Files\Git\usr\bin;C:\Users\chen_xj7\bin;C:\ProgramData\Oracle\Java\javapath;C:\Windows\system32;C:\Windows;C:\Windows\System32\Wbem;C:\Windows\System32\WindowsPowerShell\v1.0;C:\Program Files (x86)\ATI Technologies\ATI.ACE\Core-Static;C:\Users\wei_cr\AppData\Roaming\npm;C:\Program Files\TortoiseGit\bin;C:\Program Files\nodejs;C:\Users\chen_xj7\AppData\Roaming\npm;C:\Program Files\Git\usr\bin\vendor_perl;C:\Program Files\Git\usr\bin\core_perl
10 verbose lifecycle ecidi-react-boilerplate@2.0.0~start: CWD: G:\codeBackup\d3-test
11 silly lifecycle ecidi-react-boilerplate@2.0.0~start: Args: [ '/d /s /c', 'cross-env NODE_ENV=development node server' ]
12 silly lifecycle ecidi-react-boilerplate@2.0.0~start: Returned: code: 1  signal: null
13 info lifecycle ecidi-react-boilerplate@2.0.0~start: Failed to exec start script
14 verbose stack Error: ecidi-react-boilerplate@2.0.0 start: `cross-env NODE_ENV=development node server`
14 verbose stack Exit status 1
14 verbose stack     at EventEmitter.<anonymous> (C:\Users\chen_xj7\AppData\Roaming\npm\node_modules\npm\lib\utils\lifecycle.js:242:16)
14 verbose stack     at emitTwo (events.js:106:13)
14 verbose stack     at EventEmitter.emit (events.js:191:7)
14 verbose stack     at ChildProcess.<anonymous> (C:\Users\chen_xj7\AppData\Roaming\npm\node_modules\npm\lib\utils\spawn.js:40:14)
14 verbose stack     at emitTwo (events.js:106:13)
14 verbose stack     at ChildProcess.emit (events.js:191:7)
14 verbose stack     at maybeClose (internal/child_process.js:877:16)
14 verbose stack     at Process.ChildProcess._handle.onexit (internal/child_process.js:226:5)
15 verbose pkgid ecidi-react-boilerplate@2.0.0
16 verbose cwd G:\codeBackup\d3-test
17 error Windows_NT 6.1.7601
18 error argv "C:\\Program Files\\nodejs\\node.exe" "C:\\Users\\chen_xj7\\AppData\\Roaming\\npm\\node_modules\\npm\\bin\\npm-cli.js" "start"
19 error node v6.9.1
20 error npm  v3.10.5
21 error code ELIFECYCLE
22 error ecidi-react-boilerplate@2.0.0 start: `cross-env NODE_ENV=development node server`
22 error Exit status 1
23 error Failed at the ecidi-react-boilerplate@2.0.0 start script 'cross-env NODE_ENV=development node server'.
23 error Make sure you have the latest version of node.js and npm installed.
23 error If you do, this is most likely a problem with the ecidi-react-boilerplate package,
23 error not with npm itself.
23 error Tell the author that this fails on your system:
23 error     cross-env NODE_ENV=development node server
23 error You can get information on how to open an issue for this project with:
23 error     npm bugs ecidi-react-boilerplate
23 error Or if that isn't available, you can get their info via:
23 error     npm owner ls ecidi-react-boilerplate
23 error There is likely additional logging output above.
24 verbose exit [ 1, true ]
